Thu Jul 24 2025 9:14:42 [SERVER-NAME] info: [32m🚀 Database connected successfully[39m
Thu Jul 24 2025 9:14:44 [SERVER-NAME] info: [33m♻️  Application listening on port:5000[39m
Thu Jul 24 2025 9:14:49 [SERVER-NAME] info: 10.10.7.111 - POST /api/v1/banners 200 - 208.258 ms
Thu Jul 24 2025 9:16:32 [SERVER-NAME] info: [32m🚀 Database connected successfully[39m
Thu Jul 24 2025 9:16:33 [SERVER-NAME] info: [33m♻️  Application listening on port:5000[39m
Thu Jul 24 2025 9:17:8 [SERVER-NAME] info: [32m🚀 Database connected successfully[39m
Thu Jul 24 2025 9:17:9 [SERVER-NAME] info: [33m♻️  Application listening on port:5000[39m
Thu Jul 24 2025 9:17:19 [SERVER-NAME] info: [32m🚀 Database connected successfully[39m
Thu Jul 24 2025 9:17:20 [SERVER-NAME] info: [33m♻️  Application listening on port:5000[39m
Thu Jul 24 2025 9:17:32 [SERVER-NAME] info: [32m🚀 Database connected successfully[39m
Thu Jul 24 2025 9:17:33 [SERVER-NAME] info: [33m♻️  Application listening on port:5000[39m
Thu Jul 24 2025 9:17:53 [SERVER-NAME] info: [32m🚀 Database connected successfully[39m
Thu Jul 24 2025 9:17:54 [SERVER-NAME] info: [33m♻️  Application listening on port:5000[39m
Thu Jul 24 2025 9:19:48 [SERVER-NAME] info: [32m🚀 Database connected successfully[39m
Thu Jul 24 2025 9:19:50 [SERVER-NAME] info: [32m🚀 Database connected successfully[39m
Thu Jul 24 2025 9:19:51 [SERVER-NAME] info: [33m♻️  Application listening on port:5000[39m
Thu Jul 24 2025 9:20:32 [SERVER-NAME] info: 10.10.7.111 - POST /api/v1/banners 200 - 246.589 ms
Thu Jul 24 2025 9:21:13 [SERVER-NAME] info: 10.10.7.111 - GET /banner/image-1753327232802.png 200 - 3.652 ms
Thu Jul 24 2025 9:22:5 [SERVER-NAME] info: 10.10.7.111 - GET /api/v1/banners 200 - 166.294 ms
Thu Jul 24 2025 9:23:35 [SERVER-NAME] info: [32m🚀 Database connected successfully[39m
Thu Jul 24 2025 9:23:36 [SERVER-NAME] info: [33m♻️  Application listening on port:5000[39m
Thu Jul 24 2025 9:23:42 [SERVER-NAME] info: 10.10.7.111 - GET /api/v1/banners 200 - 87.391 ms
Thu Jul 24 2025 9:24:41 [SERVER-NAME] info: 10.10.7.111 - PATCH /api/v1/banners/6881a680d772f4744cf52c3d 200 - 259.410 ms
Thu Jul 24 2025 9:25:0 [SERVER-NAME] info: 10.10.7.111 - PATCH /api/v1/banners/6881a680d772f4744cf52c3d 200 - 732.984 ms
Thu Jul 24 2025 9:25:18 [SERVER-NAME] info: [32m🚀 Database connected successfully[39m
Thu Jul 24 2025 9:25:20 [SERVER-NAME] info: [33m♻️  Application listening on port:5000[39m
Thu Jul 24 2025 9:25:44 [SERVER-NAME] info: [32m🚀 Database connected successfully[39m
Thu Jul 24 2025 9:25:45 [SERVER-NAME] info: [33m♻️  Application listening on port:5000[39m
Thu Jul 24 2025 9:25:54 [SERVER-NAME] info: [32m🚀 Database connected successfully[39m
Thu Jul 24 2025 9:25:55 [SERVER-NAME] info: [33m♻️  Application listening on port:5000[39m
Thu Jul 24 2025 9:25:56 [SERVER-NAME] info: 10.10.7.111 - PATCH /api/v1/banners/6881a680d772f4744cf52c3d 200 - 324.674 ms
Thu Jul 24 2025 9:26:18 [SERVER-NAME] info: 10.10.7.111 - GET /banner/image-(1)-1753327556554.png 200 - 2.270 ms
Thu Jul 24 2025 9:27:43 [SERVER-NAME] info: [32m🚀 Database connected successfully[39m
Thu Jul 24 2025 9:27:45 [SERVER-NAME] info: [33m♻️  Application listening on port:5000[39m
Thu Jul 24 2025 9:28:0 [SERVER-NAME] info: [32m🚀 Database connected successfully[39m
Thu Jul 24 2025 9:28:1 [SERVER-NAME] info: [33m♻️  Application listening on port:5000[39m
Thu Jul 24 2025 9:28:8 [SERVER-NAME] info: [32m🚀 Database connected successfully[39m
Thu Jul 24 2025 9:28:8 [SERVER-NAME] info: [33m♻️  Application listening on port:5000[39m
Thu Jul 24 2025 9:28:44 [SERVER-NAME] info: [32m🚀 Database connected successfully[39m
Thu Jul 24 2025 9:28:45 [SERVER-NAME] info: [33m♻️  Application listening on port:5000[39m
Thu Jul 24 2025 9:28:51 [SERVER-NAME] info: [32m🚀 Database connected successfully[39m
Thu Jul 24 2025 9:28:53 [SERVER-NAME] info: [33m♻️  Application listening on port:5000[39m
Thu Jul 24 2025 9:28:56 [SERVER-NAME] info: [32m🚀 Database connected successfully[39m
Thu Jul 24 2025 9:28:57 [SERVER-NAME] info: [33m♻️  Application listening on port:5000[39m
Thu Jul 24 2025 9:29:30 [SERVER-NAME] info: [32m🚀 Database connected successfully[39m
Thu Jul 24 2025 9:29:31 [SERVER-NAME] info: [33m♻️  Application listening on port:5000[39m
Thu Jul 24 2025 9:29:52 [SERVER-NAME] info: [32m🚀 Database connected successfully[39m
Thu Jul 24 2025 9:29:54 [SERVER-NAME] info: [33m♻️  Application listening on port:5000[39m
Thu Jul 24 2025 9:31:2 [SERVER-NAME] info: [32m🚀 Database connected successfully[39m
Thu Jul 24 2025 9:31:3 [SERVER-NAME] info: [33m♻️  Application listening on port:5000[39m
Thu Jul 24 2025 9:31:46 [SERVER-NAME] info: 10.10.7.111 - PATCH /api/v1/banners/6881a680d772f4744cf52c3d/status 200 - 165.439 ms
Thu Jul 24 2025 9:31:56 [SERVER-NAME] info: 10.10.7.111 - PATCH /api/v1/banners/6881a680d772f4744cf52c3d/status 200 - 165.355 ms
Thu Jul 24 2025 9:33:22 [SERVER-NAME] info: [32m🚀 Database connected successfully[39m
Thu Jul 24 2025 9:33:23 [SERVER-NAME] info: [33m♻️  Application listening on port:5000[39m
Thu Jul 24 2025 9:34:20 [SERVER-NAME] info: [32m🚀 Database connected successfully[39m
Thu Jul 24 2025 9:34:21 [SERVER-NAME] info: [33m♻️  Application listening on port:5000[39m
Thu Jul 24 2025 9:34:24 [SERVER-NAME] info: [32m🚀 Database connected successfully[39m
Thu Jul 24 2025 9:34:26 [SERVER-NAME] info: [32m🚀 Database connected successfully[39m
Thu Jul 24 2025 9:34:28 [SERVER-NAME] info: [33m♻️  Application listening on port:5000[39m
